<?xml version="1.0" encoding="UTF-8"?>
<!-- Generated by org.testng.reporters.JUnitReportReporter -->
<testsuite hostname="SP01-LPT-0138" name="SmokeTesting.SmokeTesting" tests="1" failures="0" timestamp="29 Nov 2017 11:59:17 GMT" time="25.666" errors="0">
  <testcase name="ProceedWithTesting" time="25.666" classname="SmokeTesting.SmokeTesting"/>
</testsuite> <!-- SmokeTesting.SmokeTesting -->
