<?xml version="1.0" encoding="UTF-8"?>
<!-- Generated by org.testng.reporters.JUnitReportReporter -->
<testsuite hostname="SP01-LPT-139" name="Test.Selenide.firsttest" tests="1" failures="0" timestamp="22 Mar 2018 15:41:12 GMT" time="16.358" errors="0">
  <testcase name="usercansearch" time="16.358" classname="Test.Selenide.firsttest"/>
</testsuite> <!-- Test.Selenide.firsttest -->
