<?xml version="1.0" encoding="UTF-8"?>
<!-- Generated by org.testng.reporters.JUnitReportReporter -->
<testsuite hostname="SP01-LPT-139" name="test1.NotepadTest" tests="1" failures="0" timestamp="14 Mar 2018 11:06:46 GMT" time="3.102" errors="0">
  <testcase name="test" time="3.102" classname="test1.NotepadTest"/>
</testsuite> <!-- test1.NotepadTest -->
